Build started 2015/5/11 17:41:18.
     1>Project "C:\Fei Han\Study\My Work\Nanotube Percolation\necatubes\necatubes\necatubes\necatubes.vcxproj" on node 2 (Build target(s)).
     1>ClCompile:
         C:\Program Files (x86)\Microsoft Visual Studio 12.0\VC\bin\CL.exe /c /ZI /nologo /W3 /WX- /Od /Oy- /D WIN32 /D _DEBUG /D _WINDOWS /D _UNICODE /D UNICODE /Gm /EHsc /RTC1 /MDd /GS /fp:precise /Zc:wchar_t /Zc:forScope /Fo"Debug\\" /Fd"Debug\vc120.pdb" /Gd /TP /analyze- /errorReport:prompt MainPro.cpp RNetwork.cpp
         RNetwork.cpp
     1>c:\fei han\study\my work\nanotube percolation\necatubes\necatubes\necatubes\rnetwork.cpp(87): warning C4996: 'sprintf': This function or variable may be unsafe. Consider using sprintf_s instead. To disable deprecation, use _CRT_SECURE_NO_WARNINGS. See online help for details.
                 c:\program files (x86)\microsoft visual studio 12.0\vc\include\stdio.h(356) : see declaration of 'sprintf'
     1>c:\fei han\study\my work\nanotube percolation\necatubes\necatubes\necatubes\rnetwork.cpp(89): warning C4996: 'sprintf': This function or variable may be unsafe. Consider using sprintf_s instead. To disable deprecation, use _CRT_SECURE_NO_WARNINGS. See online help for details.
                 c:\program files (x86)\microsoft visual studio 12.0\vc\include\stdio.h(356) : see declaration of 'sprintf'
     1>c:\fei han\study\my work\nanotube percolation\necatubes\necatubes\necatubes\rnetwork.cpp(209): warning C4018: '<' : signed/unsigned mismatch
     1>c:\fei han\study\my work\nanotube percolation\necatubes\necatubes\necatubes\rnetwork.cpp(301): warning C4018: '<' : signed/unsigned mismatch
     1>c:\fei han\study\my work\nanotube percolation\necatubes\necatubes\necatubes\rnetwork.cpp(303): warning C4018: '<' : signed/unsigned mismatch
     1>c:\fei han\study\my work\nanotube percolation\necatubes\necatubes\necatubes\rnetwork.cpp(516): warning C4018: '<' : signed/unsigned mismatch
     1>c:\fei han\study\my work\nanotube percolation\necatubes\necatubes\necatubes\rnetwork.cpp(517): warning C4018: '<' : signed/unsigned mismatch
     1>c:\fei han\study\my work\nanotube percolation\necatubes\necatubes\necatubes\rnetwork.cpp(543): warning C4018: '<' : signed/unsigned mismatch
     1>c:\fei han\study\my work\nanotube percolation\necatubes\necatubes\necatubes\rnetwork.cpp(551): warning C4018: '<=' : signed/unsigned mismatch
     1>c:\fei han\study\my work\nanotube percolation\necatubes\necatubes\necatubes\rnetwork.cpp(843): warning C4018: '<' : signed/unsigned mismatch
     1>c:\fei han\study\my work\nanotube percolation\necatubes\necatubes\necatubes\rnetwork.cpp(905): warning C4018: '<' : signed/unsigned mismatch
     1>c:\fei han\study\my work\nanotube percolation\necatubes\necatubes\necatubes\rnetwork.cpp(916): warning C4018: '<' : signed/unsigned mismatch
     1>c:\fei han\study\my work\nanotube percolation\necatubes\necatubes\necatubes\rnetwork.cpp(1115): warning C4018: '<' : signed/unsigned mismatch
     1>c:\fei han\study\my work\nanotube percolation\necatubes\necatubes\necatubes\rnetwork.cpp(1126): warning C4018: '<' : signed/unsigned mismatch
     1>c:\fei han\study\my work\nanotube percolation\necatubes\necatubes\necatubes\rnetwork.cpp(1224): warning C4018: '<' : signed/unsigned mismatch
     1>c:\fei han\study\my work\nanotube percolation\necatubes\necatubes\necatubes\rnetwork.cpp(1307): warning C4018: '<' : signed/unsigned mismatch
     1>c:\fei han\study\my work\nanotube percolation\necatubes\necatubes\necatubes\rnetwork.cpp(1320): warning C4819: The file contains a character that cannot be represented in the current code page (936). Save the file in Unicode format to prevent data loss
     1>c:\fei han\study\my work\nanotube percolation\necatubes\necatubes\necatubes\rnetwork.cpp(1370): warning C4018: '<' : signed/unsigned mismatch
     1>c:\fei han\study\my work\nanotube percolation\necatubes\necatubes\necatubes\rnetwork.cpp(1375): warning C4018: '<' : signed/unsigned mismatch
     1>c:\fei han\study\my work\nanotube percolation\necatubes\necatubes\necatubes\rnetwork.cpp(1384): warning C4018: '<' : signed/unsigned mismatch
     1>c:\fei han\study\my work\nanotube percolation\necatubes\necatubes\necatubes\rnetwork.cpp(1401): warning C4018: '<' : signed/unsigned mismatch
     1>c:\fei han\study\my work\nanotube percolation\necatubes\necatubes\necatubes\rnetwork.cpp(1405): warning C4018: '<' : signed/unsigned mismatch
     1>c:\fei han\study\my work\nanotube percolation\necatubes\necatubes\necatubes\rnetwork.cpp(1431): warning C4018: '<' : signed/unsigned mismatch
     1>c:\fei han\study\my work\nanotube percolation\necatubes\necatubes\necatubes\rnetwork.cpp(1435): warning C4018: '<' : signed/unsigned mismatch
     1>c:\fei han\study\my work\nanotube percolation\necatubes\necatubes\necatubes\rnetwork.cpp(2154): warning C4018: '<' : signed/unsigned mismatch
     1>c:\fei han\study\my work\nanotube percolation\necatubes\necatubes\necatubes\rnetwork.cpp(2156): warning C4018: '<' : signed/unsigned mismatch
     1>c:\fei han\study\my work\nanotube percolation\necatubes\necatubes\necatubes\rnetwork.cpp(2227): warning C4018: '<' : signed/unsigned mismatch
     1>c:\fei han\study\my work\nanotube percolation\necatubes\necatubes\necatubes\rnetwork.cpp(2229): warning C4018: '<' : signed/unsigned mismatch
     1>c:\fei han\study\my work\nanotube percolation\necatubes\necatubes\necatubes\rnetwork.cpp(2301): warning C4018: '<' : signed/unsigned mismatch
     1>c:\fei han\study\my work\nanotube percolation\necatubes\necatubes\necatubes\rnetwork.cpp(2302): warning C4018: '<' : signed/unsigned mismatch
     1>c:\fei han\study\my work\nanotube percolation\necatubes\necatubes\necatubes\rnetwork.cpp(2349): warning C4018: '<' : signed/unsigned mismatch
     1>c:\fei han\study\my work\nanotube percolation\necatubes\necatubes\necatubes\rnetwork.cpp(2441): warning C4018: '<' : signed/unsigned mismatch
     1>c:\fei han\study\my work\nanotube percolation\necatubes\necatubes\necatubes\rnetwork.cpp(2548): warning C4018: '<' : signed/unsigned mismatch
     1>c:\fei han\study\my work\nanotube percolation\necatubes\necatubes\necatubes\rnetwork.cpp(2565): warning C4018: '<' : signed/unsigned mismatch
     1>c:\fei han\study\my work\nanotube percolation\necatubes\necatubes\necatubes\rnetwork.cpp(2573): warning C4018: '<' : signed/unsigned mismatch
     1>c:\fei han\study\my work\nanotube percolation\necatubes\necatubes\necatubes\rnetwork.cpp(2682): warning C4819: The file contains a character that cannot be represented in the current code page (936). Save the file in Unicode format to prevent data loss
     1>c:\fei han\study\my work\nanotube percolation\necatubes\necatubes\necatubes\rnetwork.cpp(2903): warning C4018: '<' : signed/unsigned mismatch
     1>c:\fei han\study\my work\nanotube percolation\necatubes\necatubes\necatubes\rnetwork.cpp(2914): warning C4018: '<' : signed/unsigned mismatch
     1>c:\fei han\study\my work\nanotube percolation\necatubes\necatubes\necatubes\rnetwork.cpp(2927): warning C4018: '<' : signed/unsigned mismatch
     1>c:\fei han\study\my work\nanotube percolation\necatubes\necatubes\necatubes\rnetwork.cpp(2939): warning C4018: '<' : signed/unsigned mismatch
     1>c:\fei han\study\my work\nanotube percolation\necatubes\necatubes\necatubes\rnetwork.cpp(2951): warning C4018: '<' : signed/unsigned mismatch
     1>c:\fei han\study\my work\nanotube percolation\necatubes\necatubes\necatubes\rnetwork.cpp(2964): warning C4018: '<' : signed/unsigned mismatch
     1>c:\fei han\study\my work\nanotube percolation\necatubes\necatubes\necatubes\rnetwork.cpp(2976): warning C4018: '<' : signed/unsigned mismatch
     1>c:\fei han\study\my work\nanotube percolation\necatubes\necatubes\necatubes\rnetwork.cpp(2977): warning C4018: '<' : signed/unsigned mismatch
     1>c:\fei han\study\my work\nanotube percolation\necatubes\necatubes\necatubes\rnetwork.cpp(2990): warning C4018: '<' : signed/unsigned mismatch
     1>c:\fei han\study\my work\nanotube percolation\necatubes\necatubes\necatubes\rnetwork.cpp(2991): warning C4018: '<' : signed/unsigned mismatch
     1>c:\fei han\study\my work\nanotube percolation\necatubes\necatubes\necatubes\rnetwork.cpp(3004): warning C4018: '<' : signed/unsigned mismatch
     1>c:\fei han\study\my work\nanotube percolation\necatubes\necatubes\necatubes\rnetwork.cpp(3005): warning C4018: '<' : signed/unsigned mismatch
     1>c:\fei han\study\my work\nanotube percolation\necatubes\necatubes\necatubes\rnetwork.cpp(3101): error C2065: 'plane_center' : undeclared identifier
     1>c:\fei han\study\my work\nanotube percolation\necatubes\necatubes\necatubes\rnetwork.cpp(3101): error C2065: 'num_sec' : undeclared identifier
     1>c:\fei han\study\my work\nanotube percolation\necatubes\necatubes\necatubes\rnetwork.cpp(3104): error C2065: 'line_vec' : undeclared identifier
     1>c:\fei han\study\my work\nanotube percolation\necatubes\necatubes\necatubes\rnetwork.cpp(3104): error C2228: left of '.x' must have class/struct/union
                 type is 'unknown-type'
     1>c:\fei han\study\my work\nanotube percolation\necatubes\necatubes\necatubes\rnetwork.cpp(3105): error C2065: 'line_vec' : undeclared identifier
     1>c:\fei han\study\my work\nanotube percolation\necatubes\necatubes\necatubes\rnetwork.cpp(3105): error C2228: left of '.y' must have class/struct/union
                 type is 'unknown-type'
     1>c:\fei han\study\my work\nanotube percolation\necatubes\necatubes\necatubes\rnetwork.cpp(3106): error C2065: 'line_vec' : undeclared identifier
     1>c:\fei han\study\my work\nanotube percolation\necatubes\necatubes\necatubes\rnetwork.cpp(3106): error C2228: left of '.z' must have class/struct/union
                 type is 'unknown-type'
     1>c:\fei han\study\my work\nanotube percolation\necatubes\necatubes\necatubes\rnetwork.cpp(3107): error C2065: 'plane_center' : undeclared identifier
     1>c:\fei han\study\my work\nanotube percolation\necatubes\necatubes\necatubes\rnetwork.cpp(3107): error C2065: 'line_vec' : undeclared identifier
     1>c:\fei han\study\my work\nanotube percolation\necatubes\necatubes\necatubes\rnetwork.cpp(3107): error C2065: 'num_sec' : undeclared identifier
     1>c:\fei han\study\my work\nanotube percolation\necatubes\necatubes\necatubes\rnetwork.cpp(3113): error C2065: 'num_sec' : undeclared identifier
     1>c:\fei han\study\my work\nanotube percolation\necatubes\necatubes\necatubes\rnetwork.cpp(3114): error C2065: 'num_sec' : undeclared identifier
     1>c:\fei han\study\my work\nanotube percolation\necatubes\necatubes\necatubes\rnetwork.cpp(3115): error C2065: 'num_sec' : undeclared identifier
     1>c:\fei han\study\my work\nanotube percolation\necatubes\necatubes\necatubes\rnetwork.cpp(3116): error C2065: 'num_sec' : undeclared identifier
     1>c:\fei han\study\my work\nanotube percolation\necatubes\necatubes\necatubes\rnetwork.cpp(3117): error C2065: 'num_sec' : undeclared identifier
     1>c:\fei han\study\my work\nanotube percolation\necatubes\necatubes\necatubes\rnetwork.cpp(3118): error C2065: 'num_sec' : undeclared identifier
     1>c:\fei han\study\my work\nanotube percolation\necatubes\necatubes\necatubes\rnetwork.cpp(3157): error C2001: newline in constant
     1>c:\fei han\study\my work\nanotube percolation\necatubes\necatubes\necatubes\rnetwork.cpp(3159): error C2146: syntax error : missing ';' before identifier 'ofstream'
     1>c:\fei han\study\my work\nanotube percolation\necatubes\necatubes\necatubes\rnetwork.cpp(3159): error C2146: syntax error : missing ';' before identifier 'otec'
     1>c:\fei han\study\my work\nanotube percolation\necatubes\necatubes\necatubes\rnetwork.cpp(3159): error C2275: 'std::ofstream' : illegal use of this type as an expression
                 c:\program files (x86)\microsoft visual studio 12.0\vc\include\iosfwd(690) : see declaration of 'std::ofstream'
     1>c:\fei han\study\my work\nanotube percolation\necatubes\necatubes\necatubes\rnetwork.cpp(3159): error C3861: 'otec': identifier not found
     1>c:\fei han\study\my work\nanotube percolation\necatubes\necatubes\necatubes\rnetwork.cpp(3160): error C2065: 'otec' : undeclared identifier
     1>c:\fei han\study\my work\nanotube percolation\necatubes\necatubes\necatubes\rnetwork.cpp(3161): error C2065: 'otec' : undeclared identifier
     1>c:\fei han\study\my work\nanotube percolation\necatubes\necatubes\necatubes\rnetwork.cpp(3172): error C2065: 'otec' : undeclared identifier
     1>c:\fei han\study\my work\nanotube percolation\necatubes\necatubes\necatubes\rnetwork.cpp(3175): error C2065: 'otec' : undeclared identifier
     1>c:\fei han\study\my work\nanotube percolation\necatubes\necatubes\necatubes\rnetwork.cpp(3176): error C2065: 'otec' : undeclared identifier
     1>c:\fei han\study\my work\nanotube percolation\necatubes\necatubes\necatubes\rnetwork.cpp(3176): error C2563: mismatch in formal parameter list
     1>c:\fei han\study\my work\nanotube percolation\necatubes\necatubes\necatubes\rnetwork.cpp(3176): error C2568: '<<' : unable to resolve function overload
                 c:\fei han\study\my work\nanotube percolation\necatubes\necatubes\necatubes\hns.h(85): could be 'foutstream &hns::endl(foutstream &)'
                 c:\program files (x86)\microsoft visual studio 12.0\vc\include\ostream(997): or       'std::basic_ostream<_Elem,_Traits> &std::endl(std::basic_ostream<_Elem,_Traits> &)'
     1>c:\fei han\study\my work\nanotube percolation\necatubes\necatubes\necatubes\rnetwork.cpp(3190): error C2065: 'otec' : undeclared identifier
     1>c:\fei han\study\my work\nanotube percolation\necatubes\necatubes\necatubes\rnetwork.cpp(3198): error C2065: 'otec' : undeclared identifier
     1>c:\fei han\study\my work\nanotube percolation\necatubes\necatubes\necatubes\rnetwork.cpp(3201): error C2065: 'otec' : undeclared identifier
     1>c:\fei han\study\my work\nanotube percolation\necatubes\necatubes\necatubes\rnetwork.cpp(3201): error C2563: mismatch in formal parameter list
     1>c:\fei han\study\my work\nanotube percolation\necatubes\necatubes\necatubes\rnetwork.cpp(3201): error C2568: '<<' : unable to resolve function overload
                 c:\fei han\study\my work\nanotube percolation\necatubes\necatubes\necatubes\hns.h(85): could be 'foutstream &hns::endl(foutstream &)'
                 c:\program files (x86)\microsoft visual studio 12.0\vc\include\ostream(997): or       'std::basic_ostream<_Elem,_Traits> &std::endl(std::basic_ostream<_Elem,_Traits> &)'
     1>c:\fei han\study\my work\nanotube percolation\necatubes\necatubes\necatubes\rnetwork.cpp(3212): error C2065: 'otec' : undeclared identifier
     1>c:\fei han\study\my work\nanotube percolation\necatubes\necatubes\necatubes\rnetwork.cpp(3212): warning C4554: '<<' : check operator precedence for possible error; use parentheses to clarify precedence
     1>c:\fei han\study\my work\nanotube percolation\necatubes\necatubes\necatubes\rnetwork.cpp(3217): error C2065: 'otec' : undeclared identifier
     1>c:\fei han\study\my work\nanotube percolation\necatubes\necatubes\necatubes\rnetwork.cpp(3217): error C2228: left of '.close' must have class/struct/union
                 type is 'unknown-type'
     1>c:\fei han\study\my work\nanotube percolation\necatubes\necatubes\necatubes\rnetwork.cpp(3223): error C2601: 'RNetwork::Get_angles_vector_in_spherial_coordinates' : local function definitions are illegal
                 c:\fei han\study\my work\nanotube percolation\necatubes\necatubes\necatubes\rnetwork.cpp(3154): this line contains a '{' which has not yet been matched
     1>c:\fei han\study\my work\nanotube percolation\necatubes\necatubes\necatubes\rnetwork.cpp(3224): error C2001: newline in constant
     1>c:\fei han\study\my work\nanotube percolation\necatubes\necatubes\necatubes\rnetwork.cpp(3276): error C2001: newline in constant
     1>c:\fei han\study\my work\nanotube percolation\necatubes\necatubes\necatubes\rnetwork.cpp(3312): fatal error C1075: end of file found before the left brace '{' at 'c:\fei han\study\my work\nanotube percolation\necatubes\necatubes\necatubes\rnetwork.cpp(3223)' was matched
         MainPro.cpp
     1>c:\fei han\study\my work\nanotube percolation\necatubes\necatubes\necatubes\mainpro.cpp(8): fatal error C1083: Cannot open include file: 'sys/time.h': No such file or directory
         Generating Code...
     1>Done Building Project "C:\Fei Han\Study\My Work\Nanotube Percolation\necatubes\necatubes\necatubes\necatubes.vcxproj" (Build target(s)) -- FAILED.

Build FAILED.

Time Elapsed 00:00:00.99
